<?xml version="1.0" encoding="UTF-8"?>
<testsuite xmlns:xsi="http://www.w3.org/2001/XMLSchema-instance" xsi:noNamespaceSchemaLocation="https://maven.apache.org/surefire/maven-surefire-plugin/xsd/surefire-test-report-3.0.xsd" version="3.0" name="com.ng.bootcamp.runner.PizzaRunnerTest" time="0.208" tests="13" errors="0" skipped="11" failures="0">
  <properties>
[...]
</properties>
  <testcase name="Given User goes to home page &quot;http://bootcamp.ngc.training/&quot;" classname="| Pizza | Order Pizza |" time="0">
    <skipped/>
    <system-out><![CDATA[Feature: This feature automates Pizza functionality

  Scenario Outline: This scenario validate pizza page title      &amp#27;[90m# Features/Pizza.feature:4&amp#27;[0m
    &amp#27;[36mGiven &amp#27;[0m&amp#27;[36mUser goes to home page "http://bootcamp.ngc.training/"&amp#27;[0m
    &amp#27;[36mWhen &amp#27;[0m&amp#27;[36mUser clicks on <Link>&amp#27;[0m
    &amp#27;[36mThen &amp#27;[0m&amp#27;[36mUser is on <Validate> page&amp#27;[0m

    Examples: 
]]></system-out>
  </testcase>
  <testcase name="When User clicks on Pizza" classname="| Pizza | Order Pizza |" time="0">
    <skipped/>
  </testcase>
  <testcase name="Then User is on Order Pizza page" classname="| Pizza | Order Pizza |" time="0">
    <skipped/>
  </testcase>
  <testcase name="| Pizza | Order Pizza |" classname="| Pizza | Order Pizza |" time="0.003"/>
  <testcase name="Given User is on &quot;Order Pizza&quot; page - number is 1 and cost is 9.5" classname="Scenario: This scenario is to order a pizza" time="0">
    <skipped/>
    <system-out><![CDATA[
  Scenario Outline: This scenario validate pizza page title      &amp#27;[90m# Features/Pizza.feature:10&amp#27;[0m
    &amp#27;[36mGiven &amp#27;[0m&amp#27;[36mUser goes to home page "&amp#27;[0m&amp#27;[36m&amp#27;[1mhttp://bootcamp.ngc.training/&amp#27;[0m&amp#27;[36m"&amp#27;[0m &amp#27;[90m# PizzaStepDefinition.user_goes_to_home_page(String)&amp#27;[0m
    &amp#27;[36mWhen &amp#27;[0m&amp#27;[36mUser clicks on &amp#27;[0m&amp#27;[36m&amp#27;[1mPizza&amp#27;[0m                                    &amp#27;[90m# PizzaStepDefinition.user_clicks_on(String)&amp#27;[0m
    &amp#27;[36mThen &amp#27;[0m&amp#27;[36mUser is on &amp#27;[0m&amp#27;[36m&amp#27;[1mOrder Pizza&amp#27;[0m&amp#27;[36m page&amp#27;[0m                             &amp#27;[90m# PizzaStepDefinition.user_is_on_page(String)&amp#27;[0m
]]></system-out>
  </testcase>
  <testcase name="And Customer &quot;John&quot; &quot;Doe&quot;" classname="Scenario: This scenario is to order a pizza" time="0">
    <skipped/>
  </testcase>
  <testcase name="And Called from number &quot;510-586-7000&quot;" classname="Scenario: This scenario is to order a pizza" time="0">
    <skipped/>
  </testcase>
  <testcase name="And Orders &quot;Medium&quot; pizza using &quot;Original Hand Tossed Crust&quot; crust and following toppings" classname="Scenario: This scenario is to order a pizza" time="0">
    <skipped/>
  </testcase>
  <testcase name="And Wants pizza &quot;Delivery&quot; to address" classname="Scenario: This scenario is to order a pizza" time="0">
    <skipped/>
  </testcase>
  <testcase name="And With special instructions&quot;Please hurry!!! I am hungry&quot;" classname="Scenario: This scenario is to order a pizza" time="0">
    <skipped/>
  </testcase>
  <testcase name="And Orders the pizza" classname="Scenario: This scenario is to order a pizza" time="0">
    <skipped/>
  </testcase>
  <testcase name="Then Order is verified" classname="Scenario: This scenario is to order a pizza" time="0">
    <skipped/>
  </testcase>
  <testcase name="Scenario: This scenario is to order a pizza" classname="Scenario: This scenario is to order a pizza" time="0.003"/>
</testsuite>